Netgen 1.5.219 compiled on Wed Feb  9 05:50:10 UTC 2022
Warning: netgen command 'format' use fully-qualified name '::netgen::format'
Warning: netgen command 'global' use fully-qualified name '::netgen::global'
Generating JSON file result
Reading netlist file ./results/signoff/user_project_wrapper.spice
Reading netlist file ./tmp/signoff/31-powered_netlist.v
Warning:  A case-insensitive file has been read and so the	verilog file must be treated case-insensitive to match.
Creating placeholder cell definition for module user_proj_example.
Reading setup file ./sky130A_setup.tcl
Comparison output logged to file ./34-user_project_wrapper.lef.log
Logging to file "./34-user_project_wrapper.lef.log" enabled
Circuit user_proj_example contains no devices.

Contents of circuit 1:  Circuit: 'user_project_wrapper'
Circuit user_project_wrapper contains 1 device instances.
  Class: user_proj_example     instances:   1
Circuit contains 609 nets, and 38 disconnected pins.
Contents of circuit 2:  Circuit: 'user_project_wrapper'
Circuit user_project_wrapper contains 1 device instances.
  Class: user_proj_example     instances:   1
Circuit contains 609 nets, and 36 disconnected pins.

Circuit 1 contains 1 devices, Circuit 2 contains 1 devices.
Circuit 1 contains 609 nets,    Circuit 2 contains 609 nets.

Netlists match uniquely.
Result: Cells failed matching, or top level cell failed pin matching.

Logging to file "./34-user_project_wrapper.lef.log" disabled
LVS Done.
